[debug] [2019-03-11T14:56:25.062Z] ----------------------------------------------------------------------
[debug] [2019-03-11T14:56:25.062Z] Command:       C:\Program Files\nodejs\node.exe C:\Users\hp\AppData\Roaming\npm\node_modules\firebase-tools\lib\bin\firebase.js deploy
[debug] [2019-03-11T14:56:25.062Z] CLI Version:   6.4.0
[debug] [2019-03-11T14:56:25.062Z] Platform:      win32
[debug] [2019-03-11T14:56:25.062Z] Node Version:  v10.15.1
[debug] [2019-03-11T14:56:25.078Z] Time:          Mon Mar 11 2019 20:26:25 GMT+0530 (India Standard Time)
[debug] [2019-03-11T14:56:25.078Z] ----------------------------------------------------------------------
[debug] 
[debug] [2019-03-11T14:56:25.096Z] > command requires scopes: ["email","openid","https://www.googleapis.com/auth/cloudplatformprojects.readonly","https://www.googleapis.com/auth/firebase","https://www.googleapis.com/auth/cloud-platform"]
[debug] [2019-03-11T14:56:25.097Z] > authorizing via signed-in user
[debug] [2019-03-11T14:56:25.098Z] [iam] checking project react-search-post for permissions ["firebase.projects.get","firebasehosting.sites.update"]
[debug] [2019-03-11T14:56:25.102Z] >>> HTTP REQUEST POST https://cloudresourcemanager.googleapis.com/v1/projects/react-search-post:testIamPermissions  

[debug] [2019-03-11T14:56:26.893Z] <<< HTTP RESPONSE 200
[debug] [2019-03-11T14:56:26.898Z] >>> HTTP REQUEST GET https://firebase.googleapis.com/v1beta1/projects/react-search-post  
 
[debug] [2019-03-11T14:56:27.363Z] <<< HTTP RESPONSE 200
[info] 
[info] === Deploying to 'react-search-post'...
[info] 
[info] i  deploying hosting
[debug] [2019-03-11T14:56:27.379Z] >>> HTTP REQUEST POST https://firebasehosting.googleapis.com/v1beta1/sites/react-search-post/versions  

[debug] [2019-03-11T14:56:29.737Z] <<< HTTP RESPONSE 200
[info] i  hosting[react-search-post]: beginning deploy...
[info] i  hosting[react-search-post]: found 14 files in build
[debug] [2019-03-11T14:56:29.765Z] [hosting] hash cache [YnVpbGQ] load error: lines is not defined
[debug] [2019-03-11T14:56:30.254Z] [hosting] hash cache [YnVpbGQ] stored for 14 files
[debug] [2019-03-11T14:56:30.254Z] [hosting][hash queue][FINAL]
[debug] [2019-03-11T14:56:30.254Z] >>> HTTP REQUEST POST https://firebasehosting.googleapis.com/v1beta1/sites/react-search-post/versions/e85eb6c13187d3b0:populateFiles  
 <request body omitted>
[debug] [2019-03-11T14:56:32.666Z] <<< HTTP RESPONSE 200
[debug] [2019-03-11T14:56:32.668Z] [hosting][populate queue][FINAL]
[debug] [2019-03-11T14:56:32.668Z] [hosting] uploads queued: 0
[debug] [2019-03-11T14:56:32.668Z] [hosting][upload queue][FINAL]
[info] +  hosting[react-search-post]: file upload complete
[debug] [2019-03-11T14:56:32.670Z] [hosting] deploy completed after 2931ms
[debug] [2019-03-11T14:56:32.860Z] [
  {
    "config": {
      "public": "build",
      "ignore": [
        "firebase.json",
        "**/.*",
        "**/node_modules/**"
      ],
      "rewrites": [
        {
          "source": "**",
          "destination": "/index.html"
        }
      ],
      "site": "react-search-post"
    },
    "site": "react-search-post",
    "version": "sites/react-search-post/versions/e85eb6c13187d3b0"
  }
]
[info] i  hosting[react-search-post]: finalizing version...
[debug] [2019-03-11T14:56:32.861Z] >>> HTTP REQUEST PATCH https://firebasehosting.googleapis.com/v1beta1/sites/react-search-post/versions/e85eb6c13187d3b0?updateMask=status  

[debug] [2019-03-11T14:56:34.858Z] <<< HTTP RESPONSE 200
[debug] [2019-03-11T14:56:34.858Z] [hosting] finalized version for react-search-post:
[info] +  hosting[react-search-post]: version finalized
[info] i  hosting[react-search-post]: releasing new version...
[debug] [2019-03-11T14:56:34.876Z] >>> HTTP REQUEST POST https://firebasehosting.googleapis.com/v1beta1/sites/react-search-post/releases?version_name=sites/react-search-post/versions/e85eb6c13187d3b0  

